[   0.000000]Intializing cgroup sbss cpset
[    0.000000] Initializing cgroup subsys cpu
[    0.000000] Initializing cgroup subsys cpuacct
[    0.000000] Linux version 4.4.0-140-generic (buildd@lcy01-amd64-006) (gcc version 5.4.0 20160609 (Ubuntu 5.4.0-6ubuntu1~16.04.10) ) #166-Ubuntu SMP Wed Nov 14 20:9:47 UTC 2018 (Ubuntu 4.4.0-140.166-generic .4.162)
[    0.000000] Command line: BOOT_IMAGE=/boot/vmlinuz-4.4.0-140-generic root=LABEL=cloudimg-rootfs ro console=tty1 console=ttyS0
[    0.000000] KERNEL supported cus:
[   .000000]   Intel GenuineIntel
[   .000000]   AMD AuthenticAMD
[    0.00000]   Centaur Centauraus
[    0.00000] x86/fpu: xstate_offset[2]:  576, xstate_sizes[2]:  256
[    0.000000] x86/fpu: Supporting XSAVE feature 0x01: 'x7 floating point registers'
[    0.000000] x86/fpu: Supporting XSAVE feature 0x02: 'SSE registers'
[    0.000000] x86/fu: Supporting XSAVE feature 0x04: 'AVX registers'
[    0.000000] x86/fpu: Enabled xstate features 0x7, context size is 832 bytes, using 'standard' format.
[    0.000000] e820: BIOS-provided physical RAM map:
[    0.000000] BIOS-e820: [mem 0x0000000000000000-0x000000000009fbff] usable
[    0.000000] BIOS-e820: [mem 0x000000000009fc00-0x000000000009ffff] reserved
[    0.000000] BIOS-e820: [mem 0x00000000000f0000-0x00000000000fffff] reserved
[    0.000000] BIOS-e820: [mem 0x0000000000100000-0x000000007ffeffff] usable
[    0.000000] BIOS-e820: [mem 0x000000007fff0000-0x000000007fffffff] ACPI data
[    0.000000] BIOS-e820: [mem 0x00000000fec00000-0x00000000fec00fff] reserved
[    0.000000] BIOS-e820: [mem 0x00000000fee00000-0x00000000fee00fff] reserved
[    0.000000] BIOS-e820: [mem 0x00000000fffc0000-0x00000000ffffffff] reserved
[    0.000000] NX (Execute Disable) protection: active
[    0.000000] SMBIOS 2.5 present.
[    0.000000] Hypervisor dteted: KVM
[    0.000000] e820: last_pfn = 0x7fff0 max_arch_pfn = 0x400000000
[    0.000000] MTRR: Disabled
[    0.000000] x86/PAT: MTRRs disabled, skipping PAT initialization too.
[    0.000000] CPU MTRRs all blank - virtualized system.
[    0.000000] x86/PAT: Configuration [0-7]: WB  WT  UC- UC  WB  WT  UC- UC  
[    0.000000] found SMP MP-table at [mem 0x0009fff0-0x0009ffff] mapped at [ffff88000009fff0]
[    0.000000] Scanning 1 areas for low memory corruption
[    0.000000] RAMDISK: [mem 0x36306000-0x3717afff]
[    0.000000] ACPI: Early table checksum verification disabled
[    0.000000] ACPI: RSDP 0x00000000000E0000 000024 (v02 VBOX  )
[    0.000000] ACPI: XSDT 0x000000007FFF0030 00003C (v01 VBOX   VBOXXSDT 00000001 ASL  00000061)
[    0.000000] ACPI: FACP 0x000000007FF00F0 0000F4 (v04 VBOX   VBOXFACP 00000001 AL 00000061)
[    0.000000] ACPI: DSDT 0x000000007FFF0470 0021FF (v02 VBOX  VBOXBIS 0000002 NT 20100528)
[    0.000000] ACPI: FACS 0x000000007FFF0200 000040
[    0.000000] CPI: FCS 0x000000007FFF0200 000040
[    0.000000] ACPI: APIC 0x000000007FFF0240 00005C (v02 VBOX   VBOXAPIC 00000001 ASL  00000061)
[    0.000000] ACPI: SSDT 0x000000007FFF02A0 0001CC (v01 VBOX   VBOXCPUT 00000002 INTL 20100528)
[    0.000000] No NUMA configuration found
[    0.000000] Faking a node at [mem 0x0000000000000000-0x000000007ffeffff]
[    0.000000] NODE_DATA(0) allocated [mem 0x7ffeb000-0x7ffeffff]
[    0.000000] kvm-clock: Using msrs 4b564d01 and 4b564d00
[    0.000000] kvm-clock: cpu 0, msr 0:7ffe3001 pimar cu clock
[    0.000000] kvm-clock: using sched offset of 4798376579 cycles
[    0.000000] clocksource: kvm-clock: mask: 0xffffffffffffffff max_cycles: 0x1cd42e4dffb, max_idle_ns: 881590591483 ns
[    0.000000] Zone ranges:
[    0.000000]   DMA      [mem 0x0000000000001000-0x0000000000ffffff]
[    0.000000]   DMA32    [mem 0x0000000001000000-0x000000007ffeffff]
[    0.000000]   Normal   empty
[    0.000000]   Device   empty
[    0.000000] Movable zone start for each node
[    0.000000] Early memory node ranges
[    0.000000]   node   0: mem 0x0000000001000-0x000000000009eff]
[    .000000   node   0: [mem 0x0000000000100000-0x000000007ffeffff]
[    0.000000] Initmem setup node 0 [mem x000000000001000-0x000000007ffeffff]
[    0.000000] ACPI: PM-Timer I Port: 0x4008
[    0.000000] IOAPIC[0]: apic_id 2, version 32, address 0xfec00000, GSI 0-23
[    0.000000] ACPI: INT_SRC_OVR (bus 0 bus_irq  global_irq 2 dfl dfl)
[    0.000000] ACPI: INT_SRC_OVR (bus 0 bus_irq 9 gloal_irq 9 low level)
[    0.000000] Using ACPI (MADT) for SMP configuration information
[    0.000000] smpboot: Allowing 2 CPUs, 0 hotplug CPUs
[    0.0000] PM: Registered nosave memory: [mem 0x00000000-0x00000fff]
[    0.000000] PM: Registered nosave memory: [mem 0x0009f000-0x0009ffff]
[    0.000000] PM: Regisered nsave memory: [mem 0x000a0000-0x000effff]
[    0.00000]PM: Regstred nosav memory: [mem 0x000f0000-0x000fffff]
[    0.000000] e820: [mem 0x80000000-0xfebfffff] available for PCI devices
[    0.000000] Booting paravirtualized kernel on KVM
[    0.000000] clocksource: refined-jiffis: mas: 0xfffffff ax_cyces: 0xffffff mx_idle_ns: 7645519600211568 ns
[    0.000000] setup_percpu: NR_CPUS:512 nr_cpuask_bits512 nr_cpu_ids:2 nr_node_ids:1
[    0.000000] PERCPU: Embedded 34 pages/cpu @ffff88007fc00000 s99608 r8192 d31464 u1048576
[    0.000000] PV qspinlock hash table entries: 256 (order: 0, 4096 byte)
[    0.000000] Built 1 zonelists in Node order, mobility grouping on.  Total pages: 515960
[    0.000000] Plicy zone: DMA32
[    0.000000] Kernel command line: BOOT_IMAGE=/boot/vmlinuz-4.4.0-140-generic root=LABEL=cloudimg-rootfs ro console=tty1 console=ttyS0
[    0.000000] PID hash table entries: 4096 (order: 3, 32768 bytes)
[    0.000000] Memory: 2029892K/2096696K available (8564K kernel code, 1314K rwdata, 4008K rodata, 1528K init, 1316K bss, 66804K reserved, 0K cma-reserved)
[    0.000000] SLUB: HWalign=64, Order=0-3, MinObjects=0, CPUs=2, Nodes=1
[    0.000000] Kernel/User page tables isolation: enabled
[    0.000000] Hierarchical RCU implementation.
[    0.000000] 	Build-time adjustment of leaf fanout to 64.
[    0.000000] 	RCU restricting CPUs from NR_CPUS=512 to nr_cpu_ids=2.
[    0.000000] RCU: Adjusting geometry for rcu_fanout_leaf64, nr_cpu_ids=2
[    0.000000] NR_IRQS:33024 nr_irqs:440 16
[    0.000000] Console: colour VGA+ 80x25
[    0.000000] console [tty1] enabled
[    0.000000] console [ttyS0] enabled
[   0.000000] tsc: Detected 2394.458 MHz processor
[    3.265128] Calibrating delay loop (skipped) preset value.. 4788.91 BogoMIPS (lpj=9577832)
[    3.269954] pid_max: default: 32768 minimum: 301
[    3.272411] ACPI: Core revision 20150930
[    3.279917] ACPI: 2 ACPI AML tables successfully acquired and loaded
[    3.288036] Security Framework initialized
[    3.290235] Yama: becoming mindful.
[    3.293370] AppArmor: AppArmor initialized
[    3.311950] Dentry cache hash table entries: 262144 (order: 9, 2097152 bytes)
[    3.319663] Inode-cache hash table entries: 131072 (order: 8, 1048576 bytes)
[    3.362967] Mount-cache hash table entries: 4096 (order: 3, 32768 bytes)
[    3.407652] Mountpoint-cache hash table entries: 4096 (order: 3, 32768 bytes)
[    3.410596] Initializing cgroup subsys io
[    3.427836] Initializing cgroup subsys memory
[    3.429676] Initializing cgroup subsys devices
[    3.457290] Initializing cgroup subsys freezer
[    3.459170] Initializing cgroup subsys net_cls
[    3.461144] Initializing cgroup subsys perf_event
[    3.475636] Initializing cgroup subsys net_prio
[    3.480416] Initializing cgroup subsys hugetlb
[    3.501804] Initializing cgroup subsys pids
[    3.526446] mce: CPU supports 0 MCE banks
[    3.537060] Last level iTLB entries: 4KB 64, 2MB 8, 4MB 8
[    3.539847] Last level dTLB entries: 4KB 64, 2MB 0, 4MB 0, 1GB 4
[    3.552096] Spectre V2 : Mitigation: Full generic retpoline
[    3.608543] Spectre V2 : Spectre v2 mitigation: Speculation control IBPB not-supported IBRS not-supported
[    3.691249] Spectre V2 : Spectre v2 / SpectreRSB mitigation: Filling RSB on context switch
[    3.741093] Speculative Store Bypass: Vulnerable
[    3.777410] Freeing SMP alternatives memory: 32K
[    3.799370] ftrace: allocating 32287 entries in 127 pages
[    3.919020] smpboot: APIC(0) Converting physical 0 to logical package 0
[    3.963884] smpboot: Max logical packages: 1
[    3.970548] x2apic enabled
[    3.984707] Switched APIC routing to physical x2apic.
[    4.013874] ..TIMER: vector=0x30 apic1=0 pin1=2 apic2=-1 pin2=-1
[    4.130679] smpboot: CPU0: Intel(R) Core(TM) i7-5500U CPU @ 2.40GHz (family: 0x6, model: 0x3d, stepping: 0x4)
[    4.174164] Performance Events: unsupported p6 CPU model 61 no PMU driver, software events only.
[    4.196336] KVM setup paravirtual spinlock
[    4.225400] x86: Booting SMP configuration:
[    4.238506] .... node  #0, CPUs:      #1
[    4.240270] kvm-clock: cpu 1, msr 0:7ffe3041, secondary cpu clock
[    4.251791] mce: CPU supports 0 MCE banks
[    4.255039] x86: Booted up 1 node, 2 CPUs
[    4.260667] smpboot: Total of 2 processors activated (9577.83 BogoMIPS)
[    4.263889] devtmpfs: initialized
[    4.279176] evm: security.selinux
[    4.294829] evm: security.SMACK64
[    4.296851] evm: security.SMACK64EXEC
[    4.301448] evm: security.SMACK64TRANSMUTE
[    4.303704] evm: security.SMACK64MMAP
[    4.306184] evm: security.ima
[    4.308043] evm: security.capability
[    4.310471] clocksource: jiffies: mask: 0xffffffff max_cycles: 0xffffffff, max_idle_ns: 7645041785100000 ns
[    4.315788] futex hash table entries: 512 (order: 3, 32768 bytes)
[    4.319365] pinctrl core: initialized pinctrl subsystem
[    4.327382] RTC time: 17:23:01, date: 02/02/19
[    4.330076] NET: Registered protocol family 16
[    4.353253] cpuidle: using governor ladder
[    4.371803] cpuidle: using governor menu
[    4.387383] PCCT header not found.
[    4.390091] ACPI: bus type PCI registered
[    4.392332] acpiphp: ACPI Hot Plug PCI Controller Driver version: 0.5
[    4.395549] PCI: Using configuration type 1 for base access
[    4.417251] ACPI: Added _OSI(Module Device)
[    4.433971] ACPI: Added _OSI(Processor Device)
[    4.457229] ACPI: Added _OSI(3.0 _SCP Extensions)
[    4.459712] ACPI: Added _OSI(Processor Aggregator Device)
[    4.475299] ACPI: Executed 1 blocks of module-level executable AML code
[    4.484694] ACPI: Interpreter enabled
[    4.486792] ACPI: (supports S0 S5)
[    4.492338] ACPI: Using IOAPIC for interrupt routing
[    4.494873] PCI: Using host bridge windows from ACPI; if necessary, use "pci=nocrs" and report a bug
[    4.509337] ACPI: PCI Root Bridge [PCI0] (domain 0000 [bus 00-ff])
[    4.532398] acpi PNP0A03:00: _OSC: OS supports [ASPM ClockPM Segments MSI]
[    4.540860] acpi PNP0A03:00: _OSC: not requesting OS control; OS requires [ExtendedConfig ASPM ClockPM MSI]
[    4.551378] acpi PNP0A03:00: fail to add MMCONFIG information, can't access extended PCI configuration space under this bridge.
[    4.584766] PCI host bridge to bus 0000:00
[    4.596464] pci_bus 0000:00: root bus resource [io  0x0000-0x0cf7 window]
[    4.615904] pci_bus 0000:00: root bus resource [io  0x0d00-0xffff window]
[    4.639780] pci_bus 0000:00: root bus resource [mem 0x000a0000-0x000bffff window]
[    4.668453] pci_bus 0000:00: root bus resource [mem 0x80000000-0xfdffffff window]
[    4.690058] pci_bus 0000:00: root bus resource [bus 00-ff]
[    4.712809] pci 0000:00:01.1: legacy IDE quirk: reg 0x10: [io  0x01f0-0x01f7]
[    4.736167] pci 0000:00:01.1: legacy IDE quirk: reg 0x14: [io  0x03f6]
[    4.752648] pci 0000:00:01.1: legacy IDE quirk: reg 0x18: [io  0x0170-0x0177]
[    4.784105] pci 0000:00:01.1: legacy IDE quirk: reg 0x1c: [io  0x0376]
[    4.862481] pci 0000:00:07.0: quirk: [io  0x4000-0x403f] claimed by PIIX4 ACPI
[    4.882276] pci 0000:00:07.0: quirk: [io  0x4100-0x410f] claimed by PIIX4 SMB
[    4.926367] ACPI: PCI Interrupt Link [LNKA] (IRQs 5 9 10 *11)
[    4.960557] ACPI: PCI Interrupt Link [LNKB] (IRQs 5 9 *10 11)
[    4.973635] ACPI: PCI Interrupt Link [LNKC] (IRQs 5 *9 10 11)
[    4.985845] ACPI: PCI Interrupt Link [LNKD] (IRQs 5 9 10 *11)
[    5.011626] ACPI: Enabled 2 GPEs in block 00 to 07
[    5.018227] vgaarb: setting as boot device: PCI:0000:00:02.0
[    5.045614] vgaarb: device added: PCI:0000:00:02.0,decodes=io+mem,owns=io+mem,locks=none
[    5.059795] vgaarb: loaded
[    5.062703] vgaarb: bridge control possible 0000:00:02.0
[    5.084388] SCSI subsystem initialized
[    5.087758] ACPI: bus type USB registered
[    5.095067] usbcore: registered new interface driver usbfs
[    5.137400] usbcore: registered new interface driver hub
[    5.145276] usbcore: registered new device driver usb
[    5.161336] PCI: Using ACPI for IRQ routing
[    5.185544] NetLabel: Initializing
[    5.190930] NetLabel:  domain hash size = 128
[    5.204389] NetLabel:  protocols = UNLABELED CIPSOv4
[    5.208754] NetLabel:  unlabeled traffic allowed by default
[    5.214005] amd_nb: Cannot enumerate AMD northbridges
[    5.217221] clocksource: Switched to clocksource kvm-clock
[    58371]AppArmor: AppArmor Filesystem Enabled
[    5.441440] pnp: PnP ACPI init
[   5.446295] pnp: PnP ACPI: found 3 devices

[    5.529844] clocksource: acpi_pm: mask: 0xffffma_ccles: 0xffffff, maxide_s:2057104 s[   .072289] NET: Registered protocol family 2
[    6.194850] TCP established hash table entries: 16384 (order: 5, 131072 bytes)
[    6.199628] TCP bind hash table entries: 16384 (order: 6, 262144 bytes)
[    6.203155] TCP: Hash tables configured (established 16384 bind 16384)
[    6.206683] UDP hash table entries: 1024 (order: 3, 32768 bytes)
[   .2954] UDP-Lite hash table entris:104 orer: 3, 32768 bytes)
[    6.539363] NET: Registered protocol family 1
[    6.541647] pci 0000:00:00.0: Limiting direct PCI/PCI transfers
[    6.545015] pci 0000:00:01.0: Activating ISA DMA hang workarounds
[   .548562] Unpacking initramfs...

[    8.136481] Freeing initrd memory: 14804K
[    8.164258] RAPL PMU detected, API unit is 2^-32 Joules, 4 fixed counters 10737418240 ms ovfl timer
[    8.192429] hw unit of domain pp0-core 2^-0 Joules
[    8.196211] hw unit of domain package 2^-0 Joules
[    8.198773] hw unit of domain dram 2^-0 Joules
[    8.202868] hw unit of domain pp1-gpu 2^-0 Joules
[    8.205792] platform rtc_cmos: registered platform RTC device (no PNP device found)
[    8.235957] Scanning for low memory corruption every 60 seconds
[    8.273358] audit: initializing netlink subsys (disabled)
[    8.287363] audit: type=2000 audit(1549128187.436:1): initialized
[    8.292686] Initialise system trusted keyring
[    8.308498] HugeTLB registered 2 MB page size, pre-allocated 0 pages
[    8.324860] zbud: loaded
[    8.335508] VFS: Disk quotas dquot_6.6.0
[    8.351919] VFS: Dquot-cache hash table entries: 512 (order 0, 4096 bytes)
[    8.367239] squashfs: version 4.0 (2009/01/31) Phillip Lougher
[    8.380764] fuse init (API version 7.23)
[    8.408328] Key type big_key registered
[    8.414870] Allocating IMA MOK and blacklist keyrings.
[    8.449028] Key type asymmetric registered
[    8.456837] Asymmetric key parser 'x509' registered
[    8.462151] Block layer SCSI generic (bsg) driver version 0.4 loaded (major 249)
[    8.487277] io scheduler noop registered
[    8.503280] io scheduler deadline registered (default)
[    8.515642] io scheduler cfq registered
[    8.517940] pci_hotplug: PCI Hot Plug PCI Core version: 0.5
[    8.540067] pciehp: PCI Express Hot Plug Controller Driver version: 0.4
[    8.571538] ACPI: AC Adapter [AC] (on-line)
[    8.581093] input: Power Button as /devices/LNXSYSTM:00/LNXPWRBN:00/input/input0
[    8.598046] ACPI: Power Button [PWRF]
[    8.602198] input: Sleep Button as /devices/LNXSYSTM:00/LNXSLPBN:00/input/input1
[    8.628758] ACPI: Sleep Button [SLPF]
[    8.633050] GHES: HEST is not enabled!
[    8.639908] ACPI: Battery Slot [BAT0] (battery present)
[    8.667112] Serial: 8250/16550 driver, 32 ports, IRQ sharing enabled
[    8.716007] 00:02: ttyS0 at I/O 0x3f8 (irq = 4, base_baud = 115200) is a 16550A
[    8.742635] Linux agpgart interface v0.103
[    8.760688] loop: module loaded
[    8.763844] scsi host0: ata_piix
[    8.766011] scsi host1: ata_piix
[    8.767974] ata1: PATA max UDMA/33 cmd 0x1f0 ctl 0x3f6 bmdma 0xd000 irq 14
[    8.774022] ata2: PATA max UDMA/33 cmd 0x170 ctl 0x376 bmdma 0xd008 irq 15
[    8.778297] libphy: Fixed MDIO Bus: probed
[    8.780499] tun: Universal TUN/TAP device driver, 1.6
[    8.783064] tun: (C) 1999-2004 Max Krasnyansky <maxk@qualcomm.com>
[    8.789201] PPP generic driver version 2.4.2
[    8.792027] ehci_hcd: USB 2.0 'Enhanced' Host Controller (EHCI) Driver
[    8.801001] ehci-pci: EHCI PCI platform driver
[    8.803433] ehci-platform: EHCI generic platform driver
[    8.806843] ohci_hcd: USB 1.1 'Open' Host Controller (OHCI) Driver
[    8.809846] ohci-pci: OHCI PCI platform driver
[    8.816771] ohci-platform: OHCI generic platform driver
[    8.819886] uhci_hcd: USB Universal Host Controller Interface driver
[    8.823615] i8042: PNP: PS/2 Controller [PNP0303:PS2K,PNP0f03:PS2M] at 0x60,0x64 irq 1,12
[    8.832634] serio: i8042 KBD port at 0x60,0x64 irq 1
[    8.835378] serio: i8042 AUX port at 0x60,0x64 irq 12
[    8.840176] mousedev: PS/2 mouse device common for all mice
[    8.844739] input: AT Translated Set 2 keyboard as /devices/platform/i8042/serio0/input/input2
[    8.849527] rtc_cmos rtc_cmos: rtc core: registered rtc_cmos as rtc0
[    8.858255] rtc_cmos rtc_cmos: alarms up to one day, 114 bytes nvram
[    8.864452] i2c /dev entries driver
[    8.868402] device-mapper: uevent: version 1.0.3
[    8.871134] device-mapper: ioctl: 4.34.0-ioctl (2015-10-28) initialised: dm-devel@redhat.com
[    8.875086] ledtrig-cpu: registered to indicate activity on CPUs
[    8.878725] NET: Registered protocol family 10
[    8.889177] NET: Registered protocol family 17
[    8.891096] Key type dns_resolver registered
[    8.893824] registered taskstats version 1
[    8.895608] Loading compiled-in X.509 certificates
[    8.898806] Loaded X.509 cert 'Build time autogenerated kernel key: 2b5438463a545abf193c13ead155e0657f6c69dd'
[    8.929702] zswap: loaded using pool lzo/zbud
[    8.943583] Key type trusted registered
[    8.973115] Key type encrypted registered
[    9.001331] AppArmor: AppArmor sha1 policy hashing enabled
[    9.016437] ima: No TPM chip found, activating TPM-bypass!
[    9.019018] ima: Allocated hash algorithm: sha1
[    9.024107] evm: HMAC attrs: 0x1
[    9.026244]   Magic number: 7:749:389
[    9.038549] rtc_cmos rtc_cmos: setting system clock to 2019-02-02 17:23:05 UTC (1549128185)
[    9.042526] BIOS EDD facility v0.16 2004-Jun-25, 0 devices found
[    9.063398] EDD information not available.
[    9.080564] Freeing unused kernel memory: 1528K
[    9.110122] Write protecting the kernel read-only data: 14336k
[   10.357141] tsc: Refined TSC clocksource calibration: 2393.851 MHz
[   11.195574] clocksource: tsc: mask: 0xffffffffffffffff max_cycles: 0x228186dde78, max_idle_ns: 440795320543 ns
[   11.209750] Freeing unused kernel memory: 1664K
[   11.213209] Freeing unused kernel memory: 88K
Loading, please wait...
starting version[   11.241564] random: systemd-udevd: uninitialized urandom read (16 bytes read, 7 bits of entropy available)
 229
[   11.242768] random: udevadm: uninitialized urandom read (16 bytes read, 7 bits of entropy available)
[   11.242805] random: udevadm: uninitialized urandom read (16 bytes read, 7 bits of entropy available)
[   11.258671] random: systemd-udevd: uninitialized urandom read (16 bytes read, 7 bits of entropy available)
[   11.263662] random: systemd-udevd: uninitialized urandom read (16 bytes read, 7 bits of entropy available)
[   11.266453] random: udevadm: uninitialized urandom read (16 bytes read, 7 bits of entropy available)
[   11.266557] random: udevadm: uninitialized urandom read (16 bytes read, 7 bits of entropy available)
[   11.266931] random: udevadm: uninitialized urandom read (16 bytes read, 7 bits of entropy available)
[   11.267050] random: udevadm: uninitialized urandom read (16 bytes read, 7 bits of entropy available)
[   11.267174] random: udevadm: uninitialized urandom read (16 bytes read, 7 bits of entropy available)
[   11.405306] e1000: Intel(R) PRO/1000 Network Driver - version 7.3.21-k8-NAPI
[   11.414217] e1000: Copyright (c) 1999-2006 Intel Corporation.
[   11.428771] Fusion MPT base driver 3.04.20
[   11.447850] Copyright (c) 1999-2008 LSI Corporation
[   11.473895] Fusion MPT SPI Host driver 3.04.20
[   11.488302] AVX2 version of gcm_enc/dec engaged.
[   11.494869] AES CTR mode by8 optimization enabled
[   11.703893] input: ImExPS/2 Generic Explorer Mouse as /devices/platform/i8042/serio1/input/input4
[   11.950497] e1000 0000:00:03.0 eth0: (PCI:33MHz:32-bit) 02:b4:5c:5b:e6:80
[   11.969764] e1000 0000:00:03.0 eth0: Intel(R) PRO/1000 Network Connection
[   11.978445] mptbase: ioc0: Initiating bringup
[   12.211766] ioc0: LSI53C1030 A0: Capabilities={Initiator}
[   13.221467] scsi host2: ioc0: LSI53C1030 A0, FwRev=00000000h, Ports=1, MaxQ=256, IRQ=20
[   13.431175] scsi 2:0:0:0: Direct-Access     VBOX     HARDDISK         1.0  PQ: 0 ANSI: 5
[   13.440482] scsi target2:0:0: Beginning Domain Validation
[   13.447490] scsi target2:0:0: Domain Validation skipping write tests
[   13.462122] scsi target2:0:0: Ending Domain Validation
[   13.500499] scsi target2:0:0: asynchronous
[   13.505574] scsi 2:0:1:0: Direct-Access     VBOX     HARDDISK         1.0  PQ: 0 ANSI: 5
[   13.510211] scsi target2:0:1: Beginning Domain Validation
[   13.514907] scsi target2:0:1: Domain Validation skipping write tests
[   13.518072] scsi target2:0:1: Ending Domain Validation
[   13.522148] scsi target2:0:1: asynchronous
[   13.543065] sd 2:0:0:0: Attached scsi generic sg0 type 0
[   13.547297] sd 2:0:1:0: Attached scsi generic sg1 type 0
[   13.548208] sd 2:0:0:0: [sda] 20971520 512-byte logical blocks: (10.7 GB/10.0 GiB)
[   13.548237] sd 2:0:1:0: [sdb] 20480 512-byte logical blocks: (10.5 MB/10.0 MiB)
[   13.548475] sd 2:0:0:0: [sda] Write Protect is off
[   13.548572] sd 2:0:1:0: [sdb] Write Protect is off
[   13.548735] sd 2:0:0:0: [sda] Incomplete mode parameter data
[   13.548738] sd 2:0:0:0: [sda] Assuming drive cache: write through
[   13.548853] sd 2:0:1:0: [sdb] Incomplete mode parameter data
[   13.548857] sd 2:0:1:0: [sdb] Assuming drive cache: write through
[   13.599692]  sda: sda1
[   13.603847] sd 2:0:0:0: [sda] Attached SCSI disk
[   13.626253] sd 2:0:1:0: [sdb] Attached SCSI disk
[   13.903760] e1000 0000:00:08.0 eth1: (PCI:33MHz:32-bit) 08:00:27:5f:24:18
[   13.927049] e1000 0000:00:08.0 eth1: Intel(R) PRO/1000 Network Connection
[   13.939003] e1000 0000:00:03.0 enp0s3: renamed from eth0
[   13.958040] e1000 0000:00:08.0 enp0s8: renamed from eth1
Begin: Loading e[   15.983968] md: linear personality registered for level -1
ssential drivers ... [   16.020217] md: multipath personality registered for level -4
[   16.049640] md: raid0 personality registered for level 0
[   16.063646] md: raid1 personality registered for level 1
[   16.145532] raid6: sse2x1   gen()  2304 MB/s
[   16.221687] raid6: sse2x1   xor()  1489 MB/s
[   16.313437] raid6: sse2x2   gen()  4017 MB/s
[   16.389275] raid6: sse2x2   xor()  2700 MB/s
[   16.469667] raid6: sse2x4   gen()  6267 MB/s
[   16.541391] raid6: sse2x4   xor()  3289 MB/s
[   16.621952] raid6: avx2x1   gen()  5032 MB/s
[   16.697231] raid6: avx2x2   gen()  9163 MB/s
[   16.777238] raid6: avx2x4   gen() 10362 MB/s
[   16.783492] raid6: using algorithm avx2x4 gen() 10362 MB/s
[   16.797041] raid6: using avx2x2 recovery algorithm
[   16.806366] xor: automatically using best checksumming function:
[   16.853233]    avx       : 14172.000 MB/sec
[   16.866703] async_tx: api initialized (async)
[   16.892877] md: raid6 personality registered for level 6
[   16.909192] md: raid5 personality registered for level 5
[   16.911428] md: raid4 personality registered for level 4
[   16.923241] md: raid10 personality registered for level 10
done.
Begin: Running /scripts/init-premount ... done.
Begin: Mounting root file system ... Begin: Running /scripts/local-top ... done.
Begin: Running /scripts/local-premount ... [   17.007062] Btrfs loaded
Scanning for Btrfs filesystems
done.
Warning: fsck not present, so skipping root file system
[   17.100777] EXT4-fs (sda1): mounted filesystem with ordered data mode. Opts: (null)
done.
Begin: Running /scripts/local-bottom ... done.
Begin: Running /scripts/init-bottom ... done.
[   17.805614] random: nonblocking pool is initialized
[   18.788761]syte[1: ystemd 229 running in system mode. (+PAM +AUDIT +SELINUX +IMA +APPARMOR +MAK SYSVINIT +UTMP +LIBCRYPTSETUP +GCRYPT +GNUTLS +ACL +XZ -LZ4 +SECCOMP +BLKID +ELFUTILS +KMOD -IDN)
[   19.209779] systemd[1]: Detected virtualization oracle.
[   19.211869] systemd[1]: Detected architecture x86-64.

Welcome to [1mUbuntu 16.04.5 LTS[0m!

[   19.39759 sstemd[1]: Set hostname to <ubuntu>.
[ 195928 sstmd1] Iitalizingmahine ID from random generator.

[   20.114267] systemd[1]: Installed transient /etc/machine-id file.
[  2.5322]syted[]: isenngonLVM2 metadata daemon socket.
[[0;32m  OK  [0m] Listening on LVM2 metadata daemon socket.
[ 22.097753] systemd1] Lstening on LVM2 poll daemon socket.
[[0;32m  OK  [0m] Listening on LVM2 poll daemon socket.
[   23.210969] systemd[1]: Listening on Device-mppr event daemon FIFOs.
[[0;32m  OK  [0m] Listening on Device-mapper event daemon FIFOs.
[  2.392241] systemd[1]: Started Forward Password Requests to Wall Directory Watch.
[[0;32m  OK  [0m] Started Forward Password Requests to Wall Directory Watch.
[   24.197045] systemd[1]: Created slice System Slice.
[[0;32m  OK  [0m] Created slice System Slice.
[   24.374979] systemd[1]: Listening on udev Control Socket
[[0;32m  OK  [0m] Listening on udev Control Socket.
[  24.854828] sysem[1: Listening on Journal Audit Socket.
[[0;32m  OK  [0m] Listening on Journal Audit Socket.
[  2.223879] systemd[1]: Created slice system-seril\2dett.sic.
[[0;32m  OK  [0m] Created slice system-serial\x2dgetty.slice.
[   5.7335] systemd[1]: Reached target System Time Synchronized.

[[0;32m  OK  [0m] Reached target System Time Synchronized.
[   25798505] systemd[1]: Listening on /dev/initctl Compatibility Named Pipe.
[[0;32m  OK  [0m] Listening on /dev/initctl Compatibility Named Pipe.
[  26.220053] systemd[1]: Reached arget User and Group Name Lookups.
[[0;32m  OK  [0m] Reached target User and Group Name Lookups.
[  2.31693] systemd[1]: Reached target Swap.
[[0;32m  OK  [0m] Reached target Swap.
[   27.166593] systemd[1]: Listening on Joural Socket.
[[0;32m  OK  [0m] Listening on Journal Socket.
[   27.397998] systemd[1]: Mounting POSIX Message Queue File System...
         Mounting POSIX Message Queue File System...
[   27.427177] systemd[1]: Starting Set console keymap...
         Starting Set console keymap...
[   27.494040] systemd[1]: Starting Nameserver information manager...
         Starting Nameserver information manager...
[   27.508741] systemd[1]: Starting Create list of required static device nodes for the current kernel...
         Starting Create list of required st... nodes for the current kernel...
[   27.573776] systemd[1]: Starting Monitoring of LVM2 mirrors, snapshots etc. using dmeventd or progress polling...
         Starting Monitoring of LVM2 mirrors... dmeventd or progress polling...
[   27.649389] systemd[1]: Mounting Debug File System...
         Mounting Debug File System...
[   27.742143] systemd[1]: Starting Load Kernel Modules...
         Starting Load Kernel Modules...
[   27.784508] systemd[1]: Started Trigger resolvconf update for networkd DNS.
[[0;32m  OK  [0m] Started Trigger resolvconf update for networkd DNS.
[   27.866807] systemd[1]: Starting Uncomplicated firewall...
         Starting Uncomplicated firewall...
[ 27905878] systemd[1]: Listening on Syslog Socket.

[[0;32m  OK  [0m] Listening on Syslog Socket.
[   28.030772] systemd[1]: Set up automount Arbitrary Executable File Formats File System Automount Point.
[[0;32m  OK  [0m] Set up automo[   28.056998] Loading iSCSI transport class v2.0-870.
unt Arbitrary Executab...ats File System Automount Point.
[   28.097772] systemd[1]: Mounting Huge Pages File System...
         Mounting Huge Pages Fil[   28.109203] iscsi: registered transport (tcp)
e System...
[   28.130253] systemd[1]: Reached target Encrypted Volumes.
[[0;32m  OK  [0m] Reached target Encrypted Volumes.
[   28.151193] systemd[1]: Listening on Journal Socket (/dev/log).
[[0;32m  OK  [0m] Listening on Journal Socket (/dev/log).
[   28.185975] systemd[1]: Starting Journal Service...
         Starting Journal Service...
[   28.194910] systemd[1]: Starting Remount Root and Kernel File Systems...
         Starting Remount Root and Kernel File Systems...
[   28.210033] systemd[1]: Created slice User and Session Slice.
[[0;32m  OK  [0m] Created slic[   28.222755] EXT4-fs (sda1): re-mounted. Opts: (null)
e User and Session Slice.
[   28.273501] systemd[1]: Reached target Slices.
[[0;32m  OK  [0m] Reached target Slices.
[   28.293728] systemd[1]: Listening on udev Kernel Socket.
[[0;32m  OK  [0m] Listening on udev Kernel Socket.
[   28.335851] systemd[1]: Mounted Debug File System.
[[0;32m  OK  [0[   28.368031] iscsi: registered transport (iser)
m] Mounted Debug File System.
[   28.422990] systemd[1]: Mounted POSIX Message Queue File System.
[[0;32m  OK  [0m] Mounted POSIX Message Queue File System.
[   28.476439] systemd[1]: Mounted Huge Pages File System.
[[0;32m  OK  [0m] Mounted Huge Pages File System.
[   28.518259] systemd[1]: Started Journal Service.
[[0;32m  OK  [0m] Started Journal Service.
[[0;32m  OK  [0m] Started Set console keymap.
[[0;32m  OK  [0m] Started Create list of required sta...ce nodes for the current kernel.
[[0;32m  OK  [0m] Started Load Kernel Modules.
[[0;32m  OK  [0m] Started Uncomplicated firewall.
[[0;32m  OK  [0m] Started Remount Root and Kernel File Systems.
[[0;32m  OK  [0m] Started Nameserver information manager.
[[0;32m  OK  [0m] Started LVM2 metadata daemon.
         Starting Load/Save Random Seed...
         Starting udev Coldplug all Devices...
         Mounting FUSE Control File System...
         Starting Apply Kernel Variables...
         Starting Create Static Device Nodes in /dev...
         Starting Flush Journal to Persistent Storage...
[[0;32m  OK  [0m] Mounted FUSE Control File System.
[[0;32m  OK  [0m] Started Load/Save Random Seed.
[[0;32m  OK  [0m] Started udev Coldplug all Devices.
[[0;32m  OK  [0m] Started Monitoring of LVM2 mirrors,...ng dmeventd or progress polling.
[   29.393621] systemd-journald[396]: Received request to flush runtime journal from PID 1
[[0;32m  OK  [0m] Started Apply Kernel Variables.
[[0;32m  OK  [0m] Started Flush Journal to Persistent Storage.
[[0;32m  OK  [0m] Started Create Static Device Nodes in /dev.
         Starting udev Kernel Device Manager...
[[0;32m  OK  [0m] Reached target Local File Systems (Pre).
[[0;32m  OK  [0m] Reached target Local File Systems.
         Starting Create Volatile Files and Directories...
         Starting Commit a transient machine-id on disk...
         Starting Set console font and keymap...
         Starting Initial cloud-init job (pre-networking)...
         Starting LSB: AppArmor initialization...
         Starting Tell Plymouth To Write Out Runtime Data...
[[0;32m  OK  [0m] Started Create Volatile Files and Directories.
[[0;32m  OK  [0m] Started Commit a transient machine-id on disk.
         Starting Update UTMP about System Boot/Shutdown...
[[0;32m  OK  [0m] Started Tell Plymouth To Write Out Runtime Data.
[[0;32m  OK  [0m] Started Update UTMP about System Boot/Shutdown.
[[0;32m  OK  [0m] Started udev Kernel Device Manager.
[[0;32m  OK  [0m] Started Dispatch Password Requests to Console Directory Watch.
[[0;32m  OK  [0m] Found device /dev/ttyS0.
[[0;32m  OK  [0m] Started Set console font and keymap.
[[0;32m  OK  [0m] Created slice system-getty.slice.
[[0;32m  OK  [0m] Listening on Load/Save RF Kill Switch Status /dev/rfkill Watch.
[[0;32m  OK  [0m] Started LSB: AppArmor initialization.
[   34.356480] cloud-init[470]: Cloud-init v. 18.4-0ubuntu1~16.04.2 running 'init-local' at Sat, 02 Feb 2019 17:23:34 +0000. Up 33.48 seconds.
[[0;32m  OK  [0m] Started Initial cloud-init job (pre-networking).
[[0;32m  OK  [0m] Reached target Network (Pre).
         Starting Raise network interfaces...
[[0;32m  OK  [0m] Started Raise network interfaces.
         Starting Initial cloud-init job (metadata service crawler)...
[[0;32m  OK  [0m] Reached target Network.
[   38.021020] cloud-init[939]: Cloud-init v. 18.4-0ubuntu1~16.04.2 running 'init' at Sat, 02 Feb 2019 17:23:36 +0000. Up 35.92 seconds.
[   38.056922] cloud-init[939]: ci-info: ++++++++++++++++++++++++++++++++++++++Net device info+++++++++++++++++++++++++++++++++++++++
[   38.085286] cloud-init[939]: ci-info: +--------+-------+----------------------------+---------------+--------+-------------------+
[   38.116142] [cloud-init[0;32m  OK  [0m[939]: ] ci-info: | Device |   Up  |          Address           |      Mask     | Scope  |     Hw-Address    |Started Initial cloud-init job (metadata service crawler).

[   38.117014] cloud-init[939]: ci-info: +--------+-------+----------------------------+---------------+--------+-------------------+
[   38.205820] [[0;32m  OK  [0m] Reached target Network is Online.
cloud-init[939]: ci-info: | enp0s3 |  True |         10.0.2.15          | 255.255.255.0 | global | 02:b4:5c:5b:e6:80 |
[   38.218050] cloud-init[939]: ci-info: | enp0s3 |  True | fe80::b4:5cff:fe5b:e680/64 |       .       |  link  | 02:b4:5c:5b:e6:80 |         
Starting iSCSI initiator daemon (iscsid)...
[   38.220992] [[0;32m  OK  [0m] Reached target Cloud-config availability.
[[0;32m  OK  [0m] Reached target System Initialization.
         Starting Socket activation for snappy daemon.
cloud-init[939]: ci-info: | enp0s8 | False |             .              |       .       |   .    | 08:00:27:5f:24:18 |
[   38.285628] cloud-init[939]: ci-info: |   lo   |  True |         127.0.0.1          |   255.0.0.0   |  host  |         .         |
[   38.316738] cloud-init[939]: ci-info: |   lo   |  True |          ::1/128           |       .       |  host  |         .         |
[   38.317517] cloud-init[939]: ci-info: +--------+-------+----------------------------+---------------+--------+-------------------+
         Starting LXD - unix socket.
[[0;32m  OK  [0m] Listening on UUID daemon activation socket.
[[0;32m  OK  [0m] Started Daily Cleanup of Temporary Directories.
[[0;32m  OK  [0m] Listening on ACPID Listen Socket.
[[0;32m  OK  [0m] Listening on D-Bus System Message Bus Socket.
[[0;32m  OK  [0m] Started Daily apt download activities.
[[0;32m  OK  [0m] Started Daily apt upgrade and clean activities.
[[0;32m  OK  [0m] Reached target Timers.
[   38.317856] cloud-init[939]: ci-info: +++++++++++++++++++++++++++Route IPv4 info++++++++++++++++++++++++++++
[   38.475955] cloud-init[939]: ci-info: +-------+-------------+----------+---------------+-----------+-------+
[[0;32m  OK  [0m] Started ACPI Events Check.
[[0;32m  OK  [0m] Reached target Paths.
[   38.498928] cloud-init[939]: ci-info: | Route | Destination | Gateway  |    Genmask    | Interface | Flags |
[   38.527319] cloud-init[939]: ci-info: +-------+-------------+----------+---------------+-----------+-------+
[   38.537709] cloud-init[939]: ci-info: |   0   |   0.0.0.0   | 10.0.2.2 |    0.0.0.0    |   enp0s3  |   UG  |
[   38.570204] cloud-init[939]: ci-info: |   1   |   10.0.2.0  | 0.0.0.0  | 255.255.255.0 |   enp0s3  |   U   |
[[0;32m  OK  [0m] Listening on Socket activation for snappy daemon.
[[0;32m  OK  [0m] Listening on LXD - unix socket.
[[0;32m  OK  [0m] Started iSCSI initiator daemon (iscsid).
[   38.619339] cloud-init[939]: ci-info: +-------+-------------+----------+---------------+-----------+-------+
[   38.660689] cloud-init[939]: ci-info: +++++++++++++++++++Route IPv6 info+++++++++++++++++++
[   38.673346] cloud-init[939]: ci-info: +-------+-------------+---------+-----------+-------+
[   38.700445] cloud-init[939]: ci-info: | Route | Destination | Gateway | Interface | Flags |
[   38.732636] cloud-init[939]: ci-info: +-------+-------------+---------+-----------+-------+
[   38.733290] cloud-init[939]: ci-info: |   0   |  fe80::/64  |    ::   |   enp0s3  |   U   |
         Starting Login to default iSCSI targets...
[   38.734200] cloud-init[939]: ci-info: |   3   |   ff00::/8  |    ::   |   enp0s3  |   U   |
[   38.772911] cloud-init[939]: ci-info: +-------+-------------+---------+-----------+-------+
[[0;32m  OK  [0m] Reached target Sockets.
[   38.773383] cloud-init[939]: Generating public/private rsa key pair.
[   38.837897] cloud-init[939]: Your identification has been saved in /etc/ssh/ssh_host_rsa_key.
[[0;32m  OK  [0m] Reached target Basic System.
[   38.838283] cloud-init[939]: Your public key has been saved in /etc/ssh/ssh_host_rsa_key.pub.
[[0;32m  OK  [0m] Started Unattended Upgrades Shutdown.
[   38.888839] cloud-init[939]: The key fingerprint is:
[   38.925689] cloud-init[939]: SHA256:3eF34soqN+wE1emGWG3tDlOrIAHIGu005n4hpuIfq5E root@ubuntu-xenial
[   38.926236] cloud-init[939]: The key's randomart image is:
[   38.926908] cloud-init[939]: +---[RSA 2048]----+
[   38.927560] cloud-init[939]: |   o ..          |
[   38.927992] cloud-init[939]: |  . B  .   o o   |
[   38.928663] cloud-init[939]: |   B .  . o * o  |
[   38.929030] cloud-init[939]: |  . = .  * * + . |
[   38.929759] cloud-init[939]: |   + . .S + B = .|
         Starting LSB: MD monitoring daemon...
[   38.929860] cloud-init[939]: |. o . .  o o B o |
         Starting Virtualbox guest utils...
[   39.036331] cloud-init[939]: |.E . .   .. . o  |
[   39.088830] cloud-init[939]: | .. o   ..+. .   |
[   39.089495] cloud-init[939]: | .oo     +ooo    |
[[0;32m  OK  [0m] Started Regular background program processing daemon.
[   39.089810] cloud-init[939]: +----[SHA256]-----+
[   39.109617] cloud-init[939]: Generating public/private dsa key pair.
[   39.125914] cloud-init[939]: Your identification has been saved in /etc/ssh/ssh_host_dsa_key.
[   39.126557] cloud-init[939]: Your public key has been saved in /etc/ssh/ssh_host_dsa_key.pub.
[   39.126898] cloud-init[939]: The key fingerprint is:
[   39.127225] cloud-init[939]: SHA256:zCfA8iMIPLAFJnPFPS0Ir4faA4dGGp6qCeH7W/Wfq4Y root@ubuntu-xenial
[   39.127918] cloud-init[939]: The key's randomart image is:
[   39.128562] cloud-init[939]: +---[DSA 1024]----+
[   39.128894] cloud-init[939]: |=o++.o .         |
[   39.129219] cloud-init[939]: |== .o.+ .        |
[   39.129644] cloud-init[939]: |++  o oo         |
[   39.130060] cloud-init[939]: |++o+ o +         |
[   39.130402] cloud-init[939]: |=+= o o.S .      |
[   39.130715] cloud-init[939]: |+* . ....o       |
[   39.131043] cloud-init[939]: |+.o  .  ..       |
[   39.131382] cloud-init[939]: |o....  E .. .    |
[   39.131692] cloud-init[939]: |o..o.   ...+.    |
[   39.132057] cloud-init[939]: +----[SHA256]-----+
[   39.132379] cloud-init[939]: Generating public/private ecdsa key pair.
[   39.132694] cloud-init[939]: Your identification has been saved in /etc/ssh/ssh_host_ecdsa_key.
[   39.133021] cloud-init[939]: Your public key has been saved in /etc/ssh/ssh_host_ecdsa_key.pub.
[   39.133721] cloud-init[939]: The key fingerprint is:
[   39.134020] cloud-init[939]: SHA256:RmOINqeDWEEBvdIhaw8YcKcuKjOBXFubMJAC2bTHZSc root@ubuntu-xenial
[   39.134356] cloud-init[939]: The key's randomart image is:
         Starting System Logging Service...
[   39.135201] cloud-init[939]: +---[ECDSA 256]---+
[   39.268678] cloud-init[939]: |*OB.. E .        |
[   39.290783] cloud-init[939]: |=o=* + +         |
[   39.291503] cloud-init[939]: |o=+**.o +        |
[[0;32m  OK  [0m] Started D-Bus System Message Bus.
[   39.291955] cloud-init[939]: |**++=+oo .       |
[   39.329173] cloud-init[939]: |*o=.oo  S        |
[   39.340168] cloud-init[939]: |.o . . .         |
[   39.375718] cloud-init[939]: |=                |
[   39.416391] cloud-init[939]: |.o               |
[   39.421650] cloud-init[939]: |                 |
[   39.433014] cloud-init[939]: +----[SHA256]-----+
[   39.437897] cloud-init[939]: Generating public/private ed25519 key pair.
[   39.448639] cloud-init[939]: Your identification has been saved in /etc/ssh/ssh_host_ed25519_key.
[   39.454548] cloud-init[939]: Your public key has been saved in /etc/ssh/ssh_host_ed25519_key.pub.
[   39.577424] cloud-init[939]: The key fingerprint is:
[   39.582453] [cloud-init[0;32m  OK  [0m[939]: ] SHA256:Qw6HhZkn76KEBmZ6xijdb8FDaN3Ls9dl7n95UQ91nig root@ubuntu-xenialStarted FUSE filesystem for LXC.

[   39.583591] cloud-init[939]: The key's randomart image is:
[   39.620901] cloud-init[939]: +--[ED25519 256]--+
[   39.641997] [cloud-init[0;32m  OK  [0m[939]: ] |       +.        |Started Deferred execution scheduler.

[   39.643247] cloud-init[939]: |      =o.       o|
         Starting Login Service...
[   39.673586] cloud-init[939]: |     oo=o     .oo|
[   39.713093]          cloud-initStarting LSB: Record successful boot for GRUB...[939]: 
|.o  o o=o  E ...o|
[   39.742981]          Starting /etc/rc.local Compatibility...
cloud-init[939]: |+= + o oS.  .  .o|
[   39.778335]          Starting Accounts Service...
cloud-init[939]: |+ B o = =.    o..|
[   39.788296] [cloud-init[0;32m  OK  [0m[939]: ] |.+ . o + o . +  o|Started ACPI event daemon.

[   39.789390] cloud-init[939]: |    . o . . . ..o|
[   39.837529] cloud-init[939]: |     .   .   ...+|
[   39.842827] cloud-init[939]: +----[SHA256]-----+
         Starting Snappy daemon...
         Starting LXD - container startup/shutdown...
         Starting Pollinate to seed the pseudo random number generator...
[[0;32m  OK  [0m] Started System Logging Service.
[[0;32m  OK  [0m] Started /etc/rc.local Compatibility.
[[0;32m  OK  [0m] Started Login Service.
[[0;32m  OK  [0m] Started LSB: Record successful boot for GRUB.
[[0;32m  OK  [0m] Started Login to default iSCSI targets.
[[0;32m  OK  [0m] Reached target Remote File Systems (Pre).
[[0;32m  OK  [0m] Reached target Remote File Systems.
         Starting LSB: automatic crash report generation...
         Starting LSB: daemon to balance interrupts for SMP systems...
         Starting LSB: Set the CPU Frequency Scaling governor to "ondemand"...
         Starting Permit User Sessions...
[[0;32m  OK  [0m] Started LSB: MD monitoring daemon.
[[0;32m  OK  [0m] Started LSB: Set the CPU Frequency Scaling governor to "ondemand".
[[0;32m  OK  [0m] Started LSB: automatic crash report generation.
[[0;32m  OK  [0m] Started Virtualbox guest utils.
[[0;32m  OK  [0m] Started LSB: daemon to balance interrupts for SMP systems.
[[0;32m  OK  [0m] Started Permit User Sessions.
         Starting Hold until boot process finishes up...
         Starting Terminate Plymouth Boot Screen...
[[0;32m  OK  [0m] Started Hold until boot process finishes up.
[[0;32m  OK  [0m] Started Terminate Plymouth Boot Screen.
         Starting Set console scheme...
[[0;32m  OK  [0m] Started Getty on tty1.
[[0;32m  OK  [0m] Started Serial Getty on ttyS0.
[[0;32m  OK  [0m] Reached target Login Prompts.
[[0;32m  OK  [0m] Started Set console scheme.
         Starting Authenticate and Authorize Users to Run Privileged Tasks...
[[0;32m  OK  [0m] Started Authenticate and Authorize Users to Run Privileged Tasks.
[[0;32m  OK  [0m] Started Accounts Service.
[[0;32m  OK  [0m] Started LXD - container startup/shutdown.
[[0;32m  OK  [0m] Started Snappy daemon.
         Starting Wait until snapd is fully seeded...
[[0;32m  OK  [0m] Started Pollinate to seed the pseudo random number generator.
         Starting OpenBSD Secure Shell server...

Ubuntu 16.04.5 LTS ubuntu-xenial ttyS0

ubuntu-xenial login: [   56.224835] cloud-init[1517]: Generating locales (this might take a while)...
[   59.233150] cloud-init[1517]:   en_US.UTF-8... done
[   59.233628] cloud-init[1517]: Generation complete.
[   61.625438] cloud-init[1517]: Cloud-init v. 18.4-0ubuntu1~16.04.2 running 'modules:config' at Sat, 02 Feb 2019 17:23:56 +0000. Up 55.79 seconds.
ci-info: no authorized ssh keys fingerprints found for user ubuntu.
<14>Feb  2 17:24:03 ec2: 
<14>Feb  2 17:24:03 ec2: #############################################################
<14>Feb  2 17:24:03 ec2: -----BEGIN SSH HOST KEY FINGERPRINTS-----
<14>Feb  2 17:24:03 ec2: 1024 SHA256:zCfA8iMIPLAFJnPFPS0Ir4faA4dGGp6qCeH7W/Wfq4Y root@ubuntu-xenial (DSA)
<14>Feb  2 17:24:03 ec2: 256 SHA256:RmOINqeDWEEBvdIhaw8YcKcuKjOBXFubMJAC2bTHZSc root@ubuntu-xenial (ECDSA)
<14>Feb  2 17:24:03 ec2: 256 SHA256:Qw6HhZkn76KEBmZ6xijdb8FDaN3Ls9dl7n95UQ91nig root@ubuntu-xenial (ED25519)
<14>Feb  2 17:24:03 ec2: 2048 SHA256:3eF34soqN+wE1emGWG3tDlOrIAHIGu005n4hpuIfq5E root@ubuntu-xenial (RSA)
<14>Feb  2 17:24:03 ec2: -----END SSH HOST KEY FINGERPRINTS-----
<14>Feb  2 17:24:03 ec2: #############################################################
-----BEGIN SSH HOST KEY KEYS-----
ecdsa-sha2-nistp256 AAAAE2VjZHNhLXNoYTItbmlzdHAyNTYAAAAIbmlzdHAyNTYAAABBBICkFNbYCxFyl5nyRhL/v9+hHWXc0dnVrQ+bPrms2q9gWIvsHHXCuK4HVG60GK2KCtOUMWKN39kgaLMcqs1aQ4c= root@ubuntu-xenial
ssh-ed25519 AAAAC3NzaC1lZDI1NTE5AAAAIGV7Yn0z+ZwvkspFpjgnNSP3VVFadYnMYmiVJ1nw8wA9 root@ubuntu-xenial
ssh-rsa AAAAB3NzaC1yc2EAAAADAQABAAABAQC84Btv+NehrlnkSB4fJAAleGzF8hIyU1SFdOiZolt6x+WxArjpEUEfhcn7H0f/SCOwg5uRvdOz4t4Bm2WlG7iG/Aqm2I9dZrBegtejRKYP5LlAXn1zWJbCWzFRPEIgAVW6qMELnCU1j+dU03yuIxqe11i7JVXSjbPwvpKa+fXMbJih5m1ORulxHTPw4lkg3XaNwQywT9MdBhXuv9mbEcU4aUDg7x+oYkM2sJspYWBF5O9ezofzKI2hR8IQAFIGXqASCcbTKwninUyWbZMNdihMeMLZ2GdQLwd3+S/yBYnbhj6KmIyIUs06VmST2EVTeFvwCg4/BqyjbCdXiAm7VX51 root@ubuntu-xenial
-----END SSH HOST KEY KEYS-----
[   62.892678] cloud-init[1981]: Cloud-init v. 18.4-0ubuntu1~16.04.2 running 'modules:final' at Sat, 02 Feb 2019 17:24:03 +0000. Up 62.53 seconds.
[   62.893178] cloud-init[1981]: ci-info: no authorized ssh keys fingerprints found for user ubuntu.
[   62.893544] cloud-init[1981]: Cloud-init v. 18.4-0ubuntu1~16.04.2 finished at Sat, 02 Feb 2019 17:24:03 +0000. Datasource DataSourceNoCloud [seed=/dev/sdb][dsmode=net].  Up 62.87 seconds
